This is pdfTeX, Version 3.14159265-2.6-1.40.15 (TeX Live 2014) (preloaded format=pdflatex 2015.3.17)  2 JUN 2015 18:04
entering extended mode
 restricted \write18 enabled.
 %&-line parsing enabled.
**BA.tex
(./BA.tex
LaTeX2e <2014/05/01>
Babel <3.9k> and hyphenation patterns for 78 languages loaded.
(/usr/local/texlive/2014/texmf-dist/tex/latex/koma-script/scrbook.cls
Document Class: scrbook 2013/12/19 v3.12 KOMA-Script document class (book)
(/usr/local/texlive/2014/texmf-dist/tex/latex/koma-script/scrkbase.sty
Package: scrkbase 2013/12/19 v3.12 KOMA-Script package (KOMA-Script-dependent b
asics and keyval usage)

(/usr/local/texlive/2014/texmf-dist/tex/latex/koma-script/scrbase.sty
Package: scrbase 2013/12/19 v3.12 KOMA-Script package (KOMA-Script-independent 
basics and keyval usage)

(/usr/local/texlive/2014/texmf-dist/tex/latex/graphics/keyval.sty
Package: keyval 2014/05/08 v1.15 key=value parser (DPC)
\KV@toks@=\toks14
)
(/usr/local/texlive/2014/texmf-dist/tex/latex/koma-script/scrlfile.sty
Package: scrlfile 2013/12/19 v3.12 KOMA-Script package (loading files)

Package scrlfile, 2013/12/19 v3.12 KOMA-Script package (loading files)
                  Copyright (C) Markus Kohm

))) (/usr/local/texlive/2014/texmf-dist/tex/latex/koma-script/tocbasic.sty
Package: tocbasic 2013/12/19 v3.12 KOMA-Script package (handling toc-files)
)
Package tocbasic Info: omitting babel extension for `toc'
(tocbasic)             because of feature `nobabel' available
(tocbasic)             for `toc' on input line 117.
Package tocbasic Info: omitting babel extension for `lof'
(tocbasic)             because of feature `nobabel' available
(tocbasic)             for `lof' on input line 118.
Package tocbasic Info: omitting babel extension for `lot'
(tocbasic)             because of feature `nobabel' available
(tocbasic)             for `lot' on input line 119.
Package tocbasic Info: defining new hook before heading of `' on input line 111
8.
Package scrbase Info: Unknown processing state.
(scrbase)             Processing option `twoside=false'
(scrbase)             of member `.scrbook.cls' of family
(scrbase)             `KOMA' doesn't set
(scrbase)             a valid state. This will be interpreted
(scrbase)             as \FamilyKeyStateProcessed on input line 1269.
Class scrbook Info: File `scrsize11pt.clo' used to setup font sizes on input li
ne 1655.

(/usr/local/texlive/2014/texmf-dist/tex/latex/koma-script/scrsize11pt.clo
File: scrsize11pt.clo 2013/12/19 v3.12 KOMA-Script font size class option (11pt
)
)
(/usr/local/texlive/2014/texmf-dist/tex/latex/koma-script/typearea.sty
Package: typearea 2013/12/19 v3.12 KOMA-Script package (type area)

Package typearea, 2013/12/19 v3.12 KOMA-Script package (type area)
                  Copyright (C) Frank Neukam, 1992-1994
                  Copyright (C) Markus Kohm, 1994-

\ta@bcor=\skip41
\ta@div=\count79
\ta@hblk=\skip42
\ta@vblk=\skip43
\ta@temp=\skip44
\footheight=\skip45
Package typearea Info: These are the values describing the layout:
(typearea)             DIV  = 11
(typearea)             BCOR = 28.45274pt
(typearea)             \paperwidth      = 597.50793pt
(typearea)              \textwidth      = 413.85834pt
(typearea)              DIV departure   = -5%
(typearea)              \evensidemargin = 33.78117pt
(typearea)              \oddsidemargin  = 33.78117pt
(typearea)             \paperheight     = 845.04694pt
(typearea)              \textheight     = 582.20026pt
(typearea)              \topmargin      = 4.55246pt
(typearea)              \headheight     = 17.0pt
(typearea)              \headsep        = 20.40001pt
(typearea)              \topskip        = 11.0pt
(typearea)              \footskip       = 47.6pt
(typearea)              \baselineskip   = 13.6pt
(typearea)              on input line 1330.
)
\c@part=\count80
\c@chapter=\count81
\c@section=\count82
\c@subsection=\count83
\c@subsubsection=\count84
\c@paragraph=\count85
\c@subparagraph=\count86
\abovecaptionskip=\skip46
\belowcaptionskip=\skip47
\c@pti@nb@sid@b@x=\box26
\c@figure=\count87
\c@table=\count88
\bibindent=\dimen102
) (/usr/local/texlive/2014/texmf-dist/tex/generic/babel/babel.sty
Package: babel 2014/03/24 3.9k The Babel package

(/usr/local/texlive/2014/texmf-dist/tex/generic/babel-german/ngerman.ldf
Language: ngerman 2013/12/13 v2.7 German support for babel (new orthography)

(/usr/local/texlive/2014/texmf-dist/tex/generic/babel-german/ngermanb.ldf
Language: ngermanb 2013/12/13 v2.7 German support for babel (new orthography)

(/usr/local/texlive/2014/texmf-dist/tex/generic/babel/babel.def
File: babel.def 2014/03/24 3.9k Babel common definitions
\babel@savecnt=\count89
\U@D=\dimen103
)
\l@naustrian = a dialect from \language\l@ngerman 
\l@nswissgerman = a dialect from \language\l@ngerman 
Package babel Info: Making " an active character on input line 88.
))
(/usr/local/texlive/2014/texmf-dist/tex/generic/babel-english/english.ldf
Language: english 2012/08/20 v3.3p English support from the babel system
\l@canadian = a dialect from \language\l@american 
\l@australian = a dialect from \language\l@british 
\l@newzealand = a dialect from \language\l@british 
))
(/usr/local/texlive/2014/texmf-dist/tex/latex/base/fontenc.sty
Package: fontenc 2005/09/27 v1.99g Standard LaTeX package

(/usr/local/texlive/2014/texmf-dist/tex/latex/base/t1enc.def
File: t1enc.def 2005/09/27 v1.99g Standard LaTeX file
LaTeX Font Info:    Redeclaring font encoding T1 on input line 43.
))
(/usr/local/texlive/2014/texmf-dist/tex/latex/base/inputenc.sty
Package: inputenc 2014/04/30 v1.2b Input encoding file
\inpenc@prehook=\toks15
\inpenc@posthook=\toks16

(/usr/local/texlive/2014/texmf-dist/tex/latex/base/latin1.def
File: latin1.def 2014/04/30 v1.2b Input encoding file
))
(/usr/local/texlive/2014/texmf-dist/tex/latex/xcolor/xcolor.sty
Package: xcolor 2007/01/21 v2.11 LaTeX color extensions (UK)

(/usr/local/texlive/2014/texmf-dist/tex/latex/latexconfig/color.cfg
File: color.cfg 2007/01/18 v1.5 color configuration of teTeX/TeXLive
)
Package xcolor Info: Driver file: pdftex.def on input line 225.

(/usr/local/texlive/2014/texmf-dist/tex/latex/pdftex-def/pdftex.def
File: pdftex.def 2011/05/27 v0.06d Graphics/color for pdfTeX

(/usr/local/texlive/2014/texmf-dist/tex/generic/oberdiek/infwarerr.sty
Package: infwarerr 2010/04/08 v1.3 Providing info/warning/error messages (HO)
)
(/usr/local/texlive/2014/texmf-dist/tex/generic/oberdiek/ltxcmds.sty
Package: ltxcmds 2011/11/09 v1.22 LaTeX kernel commands for general use (HO)
)
\Gread@gobject=\count90
)
(/usr/local/texlive/2014/texmf-dist/tex/latex/colortbl/colortbl.sty
Package: colortbl 2012/02/13 v1.0a Color table columns (DPC)

(/usr/local/texlive/2014/texmf-dist/tex/latex/tools/array.sty
Package: array 2008/09/09 v2.4c Tabular extension package (FMi)
\col@sep=\dimen104
\extrarowheight=\dimen105
\NC@list=\toks17
\extratabsurround=\skip48
\backup@length=\skip49
)
\everycr=\toks18
\minrowclearance=\skip50
)
\rownum=\count91
Package xcolor Info: Model `cmy' substituted by `cmy0' on input line 1337.
Package xcolor Info: Model `hsb' substituted by `rgb' on input line 1341.
Package xcolor Info: Model `RGB' extended on input line 1353.
Package xcolor Info: Model `HTML' substituted by `rgb' on input line 1355.
Package xcolor Info: Model `Hsb' substituted by `hsb' on input line 1356.
Package xcolor Info: Model `tHsb' substituted by `hsb' on input line 1357.
Package xcolor Info: Model `HSB' substituted by `hsb' on input line 1358.
Package xcolor Info: Model `Gray' substituted by `gray' on input line 1359.
Package xcolor Info: Model `wave' substituted by `hsb' on input line 1360.
)
(/usr/local/texlive/2014/texmf-dist/tex/latex/libertine/libertine.sty
Package: libertine 2014/02/19 (Bob Tennent) Supports Libertine and Biolinum fon
ts for all LaTeX engines.

(/usr/local/texlive/2014/texmf-dist/tex/generic/ifxetex/ifxetex.sty
Package: ifxetex 2010/09/12 v0.6 Provides ifxetex conditional
)
(/usr/local/texlive/2014/texmf-dist/tex/generic/oberdiek/ifluatex.sty
Package: ifluatex 2010/03/01 v1.3 Provides the ifluatex switch (HO)
Package ifluatex Info: LuaTeX not detected.
)
(/usr/local/texlive/2014/texmf-dist/tex/latex/xkeyval/xkeyval.sty
Package: xkeyval 2014/05/09 v2.6d package option processing (HA)

(/usr/local/texlive/2014/texmf-dist/tex/generic/xkeyval/xkeyval.tex
\XKV@toks=\toks19
\XKV@tempa@toks=\toks20
\XKV@depth=\count92
File: xkeyval.tex 2014/05/09 v2.6d key=value parser (HA)
))
(/usr/local/texlive/2014/texmf-dist/tex/latex/base/textcomp.sty
Package: textcomp 2005/09/27 v1.99g Standard LaTeX package
Package textcomp Info: Sub-encoding information:
(textcomp)               5 = only ISO-Adobe without \textcurrency
(textcomp)               4 = 5 + \texteuro
(textcomp)               3 = 4 + \textohm
(textcomp)               2 = 3 + \textestimated + \textcurrency
(textcomp)               1 = TS1 - \textcircled - \t
(textcomp)               0 = TS1 (full)
(textcomp)             Font families with sub-encoding setting implement
(textcomp)             only a restricted character set as indicated.
(textcomp)             Family '?' is the default used for unknown fonts.
(textcomp)             See the documentation for details.
Package textcomp Info: Setting ? sub-encoding to TS1/1 on input line 71.

(/usr/local/texlive/2014/texmf-dist/tex/latex/base/ts1enc.def
File: ts1enc.def 2001/06/05 v3.0e (jk/car/fm) Standard LaTeX file
)
LaTeX Info: Redefining \oldstylenums on input line 266.
Package textcomp Info: Setting cmr sub-encoding to TS1/0 on input line 281.
Package textcomp Info: Setting cmss sub-encoding to TS1/0 on input line 282.
Package textcomp Info: Setting cmtt sub-encoding to TS1/0 on input line 283.
Package textcomp Info: Setting cmvtt sub-encoding to TS1/0 on input line 284.
Package textcomp Info: Setting cmbr sub-encoding to TS1/0 on input line 285.
Package textcomp Info: Setting cmtl sub-encoding to TS1/0 on input line 286.
Package textcomp Info: Setting ccr sub-encoding to TS1/0 on input line 287.
Package textcomp Info: Setting ptm sub-encoding to TS1/4 on input line 288.
Package textcomp Info: Setting pcr sub-encoding to TS1/4 on input line 289.
Package textcomp Info: Setting phv sub-encoding to TS1/4 on input line 290.
Package textcomp Info: Setting ppl sub-encoding to TS1/3 on input line 291.
Package textcomp Info: Setting pag sub-encoding to TS1/4 on input line 292.
Package textcomp Info: Setting pbk sub-encoding to TS1/4 on input line 293.
Package textcomp Info: Setting pnc sub-encoding to TS1/4 on input line 294.
Package textcomp Info: Setting pzc sub-encoding to TS1/4 on input line 295.
Package textcomp Info: Setting bch sub-encoding to TS1/4 on input line 296.
Package textcomp Info: Setting put sub-encoding to TS1/5 on input line 297.
Package textcomp Info: Setting uag sub-encoding to TS1/5 on input line 298.
Package textcomp Info: Setting ugq sub-encoding to TS1/5 on input line 299.
Package textcomp Info: Setting ul8 sub-encoding to TS1/4 on input line 300.
Package textcomp Info: Setting ul9 sub-encoding to TS1/4 on input line 301.
Package textcomp Info: Setting augie sub-encoding to TS1/5 on input line 302.
Package textcomp Info: Setting dayrom sub-encoding to TS1/3 on input line 303.
Package textcomp Info: Setting dayroms sub-encoding to TS1/3 on input line 304.

Package textcomp Info: Setting pxr sub-encoding to TS1/0 on input line 305.
Package textcomp Info: Setting pxss sub-encoding to TS1/0 on input line 306.
Package textcomp Info: Setting pxtt sub-encoding to TS1/0 on input line 307.
Package textcomp Info: Setting txr sub-encoding to TS1/0 on input line 308.
Package textcomp Info: Setting txss sub-encoding to TS1/0 on input line 309.
Package textcomp Info: Setting txtt sub-encoding to TS1/0 on input line 310.
Package textcomp Info: Setting lmr sub-encoding to TS1/0 on input line 311.
Package textcomp Info: Setting lmdh sub-encoding to TS1/0 on input line 312.
Package textcomp Info: Setting lmss sub-encoding to TS1/0 on input line 313.
Package textcomp Info: Setting lmssq sub-encoding to TS1/0 on input line 314.
Package textcomp Info: Setting lmvtt sub-encoding to TS1/0 on input line 315.
Package textcomp Info: Setting qhv sub-encoding to TS1/0 on input line 316.
Package textcomp Info: Setting qag sub-encoding to TS1/0 on input line 317.
Package textcomp Info: Setting qbk sub-encoding to TS1/0 on input line 318.
Package textcomp Info: Setting qcr sub-encoding to TS1/0 on input line 319.
Package textcomp Info: Setting qcs sub-encoding to TS1/0 on input line 320.
Package textcomp Info: Setting qpl sub-encoding to TS1/0 on input line 321.
Package textcomp Info: Setting qtm sub-encoding to TS1/0 on input line 322.
Package textcomp Info: Setting qzc sub-encoding to TS1/0 on input line 323.
Package textcomp Info: Setting qhvc sub-encoding to TS1/0 on input line 324.
Package textcomp Info: Setting futs sub-encoding to TS1/4 on input line 325.
Package textcomp Info: Setting futx sub-encoding to TS1/4 on input line 326.
Package textcomp Info: Setting futj sub-encoding to TS1/4 on input line 327.
Package textcomp Info: Setting hlh sub-encoding to TS1/3 on input line 328.
Package textcomp Info: Setting hls sub-encoding to TS1/3 on input line 329.
Package textcomp Info: Setting hlst sub-encoding to TS1/3 on input line 330.
Package textcomp Info: Setting hlct sub-encoding to TS1/5 on input line 331.
Package textcomp Info: Setting hlx sub-encoding to TS1/5 on input line 332.
Package textcomp Info: Setting hlce sub-encoding to TS1/5 on input line 333.
Package textcomp Info: Setting hlcn sub-encoding to TS1/5 on input line 334.
Package textcomp Info: Setting hlcw sub-encoding to TS1/5 on input line 335.
Package textcomp Info: Setting hlcf sub-encoding to TS1/5 on input line 336.
Package textcomp Info: Setting pplx sub-encoding to TS1/3 on input line 337.
Package textcomp Info: Setting pplj sub-encoding to TS1/3 on input line 338.
Package textcomp Info: Setting ptmx sub-encoding to TS1/4 on input line 339.
Package textcomp Info: Setting ptmj sub-encoding to TS1/4 on input line 340.
)
(/usr/local/texlive/2014/texmf-dist/tex/latex/mweights/mweights.sty
Package: mweights 2013/07/21 (Bob Tennent) Support package for multiple-weight 
font packages. 
LaTeX Info: Redefining \bfseries on input line 22.
LaTeX Info: Redefining \mdseries on input line 29.
LaTeX Info: Redefining \rmfamily on input line 36.
LaTeX Info: Redefining \sffamily on input line 53.
LaTeX Info: Redefining \ttfamily on input line 70.
)
(/usr/local/texlive/2014/texmf-dist/tex/latex/base/fontenc.sty
Package: fontenc 2005/09/27 v1.99g Standard LaTeX package
)
(/usr/local/texlive/2014/texmf-dist/tex/latex/fontaxes/fontaxes.sty
Package: fontaxes 2014/03/23 v1.0d Font selection axes
LaTeX Info: Redefining \upshape on input line 29.
LaTeX Info: Redefining \itshape on input line 31.
LaTeX Info: Redefining \slshape on input line 33.
LaTeX Info: Redefining \scshape on input line 37.
)
LaTeX Info: Redefining \oldstylenums on input line 477.

(/usr/local/texlive/2014/texmf-dist/tex/latex/libertine/LinLibertine_I.tex))
(/usr/local/texlive/2014/texmf-dist/tex/latex/psnfss/pifont.sty
Package: pifont 2005/04/12 PSNFSS-v9.2a Pi font support (SPQR) 
LaTeX Font Info:    Try loading font information for U+pzd on input line 63.

(/usr/local/texlive/2014/texmf-dist/tex/latex/psnfss/upzd.fd
File: upzd.fd 2001/06/04 font definitions for U/pzd.
)
LaTeX Font Info:    Try loading font information for U+psy on input line 64.

(/usr/local/texlive/2014/texmf-dist/tex/latex/psnfss/upsy.fd
File: upsy.fd 2001/06/04 font definitions for U/psy.
))
(/usr/local/texlive/2014/texmf-dist/tex/latex/microtype/microtype.sty
Package: microtype 2013/05/23 v2.5a Micro-typographical refinements (RS)
\MT@toks=\toks21
\MT@count=\count93
LaTeX Info: Redefining \textls on input line 766.
\MT@outer@kern=\dimen106
LaTeX Info: Redefining \textmicrotypecontext on input line 1285.
\MT@listname@count=\count94

(/usr/local/texlive/2014/texmf-dist/tex/latex/microtype/microtype-pdftex.def
File: microtype-pdftex.def 2013/05/23 v2.5a Definitions specific to pdftex (RS)

LaTeX Info: Redefining \lsstyle on input line 915.
LaTeX Info: Redefining \lslig on input line 915.
\MT@outer@space=\skip51
)
Package microtype Info: Loading configuration file microtype.cfg.

(/usr/local/texlive/2014/texmf-dist/tex/latex/microtype/microtype.cfg
File: microtype.cfg 2013/05/23 v2.5a microtype main configuration file (RS)
))
(/usr/local/texlive/2014/texmf-dist/tex/latex/nomencl/nomencl.sty
Package: nomencl 2005/09/22 v4.2 Nomenclature package (LN)
\nomlabelwidth=\dimen107
\nom@tempdim=\dimen108
\nomitemsep=\skip52
)
(/usr/local/texlive/2014/texmf-dist/tex/latex/setspace/setspace.sty
Package: setspace 2011/12/19 v6.7a set line spacing
)
(/usr/local/texlive/2014/texmf-dist/tex/latex/base/makeidx.sty
Package: makeidx 2000/03/29 v1.0m Standard LaTeX package
)
(/usr/local/texlive/2014/texmf-dist/tex/latex/listings/listings.sty
\lst@mode=\count95
\lst@gtempboxa=\box27
\lst@token=\toks22
\lst@length=\count96
\lst@currlwidth=\dimen109
\lst@column=\count97
\lst@pos=\count98
\lst@lostspace=\dimen110
\lst@width=\dimen111
\lst@newlines=\count99
\lst@lineno=\count100
\lst@maxwidth=\dimen112

(/usr/local/texlive/2014/texmf-dist/tex/latex/listings/lstmisc.sty
File: lstmisc.sty 2014/03/04 1.5c (Carsten Heinz)
\c@lstnumber=\count101
\lst@skipnumbers=\count102
\lst@framebox=\box28
)
(/usr/local/texlive/2014/texmf-dist/tex/latex/listings/listings.cfg
File: listings.cfg 2014/03/04 1.5c listings configuration
))
Package: listings 2014/03/04 1.5c (Carsten Heinz)

(/usr/local/texlive/2014/texmf-dist/tex/latex/natbib/natbib.sty
Package: natbib 2010/09/13 8.31b (PWD, AO)
\bibhang=\skip53
\bibsep=\skip54
LaTeX Info: Redefining \cite on input line 694.
\c@NAT@ctr=\count103
)
(/usr/local/texlive/2014/texmf-dist/tex/latex/hyperref/hyperref.sty
Package: hyperref 2012/11/06 v6.83m Hypertext links for LaTeX

(/usr/local/texlive/2014/texmf-dist/tex/generic/oberdiek/hobsub-hyperref.sty
Package: hobsub-hyperref 2012/05/28 v1.13 Bundle oberdiek, subset hyperref (HO)


(/usr/local/texlive/2014/texmf-dist/tex/generic/oberdiek/hobsub-generic.sty
Package: hobsub-generic 2012/05/28 v1.13 Bundle oberdiek, subset generic (HO)
Package: hobsub 2012/05/28 v1.13 Construct package bundles (HO)
Package hobsub Info: Skipping package `infwarerr' (already loaded).
Package hobsub Info: Skipping package `ltxcmds' (already loaded).
Package hobsub Info: Skipping package `ifluatex' (already loaded).
Package: ifvtex 2010/03/01 v1.5 Detect VTeX and its facilities (HO)
Package ifvtex Info: VTeX not detected.
Package: intcalc 2007/09/27 v1.1 Expandable calculations with integers (HO)
Package: ifpdf 2011/01/30 v2.3 Provides the ifpdf switch (HO)
Package ifpdf Info: pdfTeX in PDF mode is detected.
Package: etexcmds 2011/02/16 v1.5 Avoid name clashes with e-TeX commands (HO)
Package etexcmds Info: Could not find \expanded.
(etexcmds)             That can mean that you are not using pdfTeX 1.50 or
(etexcmds)             that some package has redefined \expanded.
(etexcmds)             In the latter case, load this package earlier.
Package: kvsetkeys 2012/04/25 v1.16 Key value parser (HO)
Package: kvdefinekeys 2011/04/07 v1.3 Define keys (HO)
Package: pdftexcmds 2011/11/29 v0.20 Utility functions of pdfTeX for LuaTeX (HO
)
Package pdftexcmds Info: LuaTeX not detected.
Package pdftexcmds Info: \pdf@primitive is available.
Package pdftexcmds Info: \pdf@ifprimitive is available.
Package pdftexcmds Info: \pdfdraftmode found.
Package: pdfescape 2011/11/25 v1.13 Implements pdfTeX's escape features (HO)
Package: bigintcalc 2012/04/08 v1.3 Expandable calculations on big integers (HO
)
Package: bitset 2011/01/30 v1.1 Handle bit-vector datatype (HO)
Package: uniquecounter 2011/01/30 v1.2 Provide unlimited unique counter (HO)
)
Package hobsub Info: Skipping package `hobsub' (already loaded).
Package: letltxmacro 2010/09/02 v1.4 Let assignment for LaTeX macros (HO)
Package: hopatch 2012/05/28 v1.2 Wrapper for package hooks (HO)
Package: xcolor-patch 2011/01/30 xcolor patch
Package: atveryend 2011/06/30 v1.8 Hooks at the very end of document (HO)
Package atveryend Info: \enddocument detected (standard20110627).
Package: atbegshi 2011/10/05 v1.16 At begin shipout hook (HO)
Package: refcount 2011/10/16 v3.4 Data extraction from label references (HO)
Package: hycolor 2011/01/30 v1.7 Color options for hyperref/bookmark (HO)
)
(/usr/local/texlive/2014/texmf-dist/tex/latex/oberdiek/auxhook.sty
Package: auxhook 2011/03/04 v1.3 Hooks for auxiliary files (HO)
)
(/usr/local/texlive/2014/texmf-dist/tex/latex/oberdiek/kvoptions.sty
Package: kvoptions 2011/06/30 v3.11 Key value format for package options (HO)
)
\@linkdim=\dimen113
\Hy@linkcounter=\count104
\Hy@pagecounter=\count105

(/usr/local/texlive/2014/texmf-dist/tex/latex/hyperref/pd1enc.def
File: pd1enc.def 2012/11/06 v6.83m Hyperref: PDFDocEncoding definition (HO)
)
\Hy@SavedSpaceFactor=\count106

(/usr/local/texlive/2014/texmf-dist/tex/latex/latexconfig/hyperref.cfg
File: hyperref.cfg 2002/06/06 v1.2 hyperref configuration of TeXLive
)
Package hyperref Info: Option `draft' set `false' on input line 4319.
Package hyperref Info: Option `colorlinks' set `true' on input line 4319.
Package hyperref Info: Hyper figures OFF on input line 4443.
Package hyperref Info: Link nesting OFF on input line 4448.
Package hyperref Info: Hyper index ON on input line 4451.
Package hyperref Info: Plain pages OFF on input line 4458.
Package hyperref Info: Backreferencing OFF on input line 4463.
Package hyperref Info: Implicit mode ON; LaTeX internals redefined.
Package hyperref Info: Bookmarks ON on input line 4688.
\c@Hy@tempcnt=\count107

(/usr/local/texlive/2014/texmf-dist/tex/latex/url/url.sty
\Urlmuskip=\muskip10
Package: url 2013/09/16  ver 3.4  Verb mode for urls, etc.
)
LaTeX Info: Redefining \url on input line 5041.
\XeTeXLinkMargin=\dimen114
\Fld@menulength=\count108
\Field@Width=\dimen115
\Fld@charsize=\dimen116
Package hyperref Info: Hyper figures OFF on input line 6295.
Package hyperref Info: Link nesting OFF on input line 6300.
Package hyperref Info: Hyper index ON on input line 6303.
Package hyperref Info: backreferencing OFF on input line 6310.
Package hyperref Info: Link coloring ON on input line 6313.
Package hyperref Info: Link coloring with OCG OFF on input line 6320.
Package hyperref Info: PDF/A mode OFF on input line 6325.
LaTeX Info: Redefining \ref on input line 6365.
LaTeX Info: Redefining \pageref on input line 6369.
\Hy@abspage=\count109
\c@Item=\count110
\c@Hfootnote=\count111
)

Package hyperref Message: Driver (autodetected): hpdftex.

(/usr/local/texlive/2014/texmf-dist/tex/latex/hyperref/hpdftex.def
File: hpdftex.def 2012/11/06 v6.83m Hyperref driver for pdfTeX
\Fld@listcount=\count112
\c@bookmark@seq@number=\count113

(/usr/local/texlive/2014/texmf-dist/tex/latex/oberdiek/rerunfilecheck.sty
Package: rerunfilecheck 2011/04/15 v1.7 Rerun checks for auxiliary files (HO)
Package uniquecounter Info: New unique counter `rerunfilecheck' on input line 2
82.
)
\Hy@SectionHShift=\skip55
)
(./hawstyle.sty
Package: hawstyle 2010/04/26 v1.0 HAW Thesis Style
 (/usr/local/texlive/2014/texmf-dist/tex/latex/base/ifthen.sty
Package: ifthen 2001/05/26 v1.1c Standard LaTeX ifthen package (DPC)
)
(/usr/local/texlive/2014/texmf-dist/tex/latex/tools/calc.sty
Package: calc 2007/08/22 v4.3 Infix arithmetic (KKT,FJ)
\calc@Acount=\count114
\calc@Bcount=\count115
\calc@Adimen=\dimen117
\calc@Bdimen=\dimen118
\calc@Askip=\skip56
\calc@Bskip=\skip57
LaTeX Info: Redefining \setlength on input line 75.
LaTeX Info: Redefining \addtolength on input line 76.
\calc@Ccount=\count116
\calc@Cskip=\skip58
)
(/usr/local/texlive/2014/texmf-dist/tex/latex/textpos/textpos.sty
Package: textpos 2014/01/03 v1.7j

Package: textpos 2014/01/03 1.7j, absolute positioning of text on the page
(/usr/local/texlive/2014/texmf-dist/tex/latex/ms/everyshi.sty
Package: everyshi 2001/05/15 v3.00 EveryShipout Package (MS)
)
\TP@textbox=\box29
\TP@holdbox=\box30
\TPHorizModule=\dimen119
\TPVertModule=\dimen120
\TP@margin=\dimen121
\TP@absmargin=\dimen122

Grid set 16 x 16 = 37.34424pt x 52.81543pt
\TPboxrulesize=\dimen123
\TP@ox=\dimen124
\TP@oy=\dimen125
\TP@tbargs=\toks23
\TP@prevdepth=\dimen126
TextBlockOrigin set to 0pt x 0pt
) (/usr/local/texlive/2014/texmf-dist/tex/latex/koma-script/scrpage2.sty
Package: scrpage2 2013/12/19 v3.12 KOMA-Script package (page head and foot)
LaTeX Info: Redefining \pagemark on input line 174.
)
(/usr/local/texlive/2014/texmf-dist/tex/latex/graphics/graphicx.sty
Package: graphicx 2014/04/25 v1.0g Enhanced LaTeX Graphics (DPC,SPQR)

(/usr/local/texlive/2014/texmf-dist/tex/latex/graphics/graphics.sty
Package: graphics 2009/02/05 v1.0o Standard LaTeX Graphics (DPC,SPQR)

(/usr/local/texlive/2014/texmf-dist/tex/latex/graphics/trig.sty
Package: trig 1999/03/16 v1.09 sin cos tan (DPC)
)
(/usr/local/texlive/2014/texmf-dist/tex/latex/latexconfig/graphics.cfg
File: graphics.cfg 2010/04/23 v1.9 graphics configuration of TeX Live
)
Package graphics Info: Driver file: pdftex.def on input line 91.
)
\Gin@req@height=\dimen127
\Gin@req@width=\dimen128
))
(/usr/local/texlive/2014/texmf-dist/tex/latex/wrapfig/wrapfig.sty
\wrapoverhang=\dimen129
\WF@size=\dimen130
\c@WF@wrappedlines=\count117
\WF@box=\box31
\WF@everypar=\toks24
Package: wrapfig 2003/01/31  v 3.6
)
(/usr/local/texlive/2014/texmf-dist/tex/latex/capt-of/capt-of.sty
Package: capt-of 2009/12/29 v0.2 standard captions outside of floats
)
(/usr/local/texlive/2014/texmf-dist/tex/latex/tools/verbatim.sty
Package: verbatim 2003/08/22 v1.5q LaTeX2e package for verbatim enhancements
\every@verbatim=\toks25
\verbatim@line=\toks26
\verbatim@in@stream=\read1
)
(/usr/local/texlive/2014/texmf-dist/tex/latex/enumitem/enumitem.sty
Package: enumitem 2011/09/28 v3.5.2 Customized lists
\labelindent=\skip59
\enit@outerparindent=\dimen131
\enit@toks=\toks27
\enit@inbox=\box32
\enitdp@description=\count118
)
(/usr/local/texlive/2014/texmf-dist/tex/latex/subfigure/subfigure.sty
Package: subfigure 2002/03/15 v2.1.5 subfigure package
\subfigtopskip=\skip60
\subfigcapskip=\skip61
\subfigcaptopadj=\dimen132
\subfigbottomskip=\skip62
\subfigcapmargin=\dimen133
\subfiglabelskip=\skip63
\c@subfigure=\count119
\c@lofdepth=\count120
\c@subtable=\count121
\c@lotdepth=\count122

****************************************
* Local config file subfigure.cfg used *
****************************************
(/usr/local/texlive/2014/texmf-dist/tex/latex/subfigure/subfigure.cfg)
\subfig@top=\skip64
\subfig@bottom=\skip65
)
(/usr/local/texlive/2014/texmf-dist/tex/latex/tools/varioref.sty
Package: varioref 2011/10/02 v1.4z package for extended references (FMi)
\c@vrcnt=\count123
)
(/usr/local/texlive/2014/texmf-dist/tex/latex/placeins/placeins.sty
Package: placeins 2005/04/18  v 2.2
)
Package hyperref Info: Option `bookmarksopen' set `false' on input line 79.
Package hyperref Info: Option `bookmarksnumbered' set `true' on input line 79.
Package hyperref Info: Option `linktocpage' set `true' on input line 79.
LaTeX Font Info:    Try loading font information for T1+LinuxLibertineT-TLF on 
input line 93.

(/usr/local/texlive/2014/texmf-dist/tex/latex/libertine/T1LinuxLibertineT-TLF.f
d
File: T1LinuxLibertineT-TLF.fd 2012/11/26 (autoinst) Font definitions for T1/Li
nuxLibertineT-TLF.
)
LaTeX Font Info:    Font shape `T1/LinuxLibertineT-TLF/m/n' will be
(Font)              scaled to size 10.95pt on input line 93.
Package typearea Info: These are the values describing the layout:
(typearea)             DIV  = 11
(typearea)             BCOR = 28.45274pt
(typearea)             \paperwidth      = 597.50793pt
(typearea)              \textwidth      = 413.85834pt
(typearea)              DIV departure   = -11%
(typearea)              \evensidemargin = 33.78117pt
(typearea)              \oddsidemargin  = 33.78117pt
(typearea)             \paperheight     = 845.04694pt
(typearea)              \textheight     = 582.20026pt
(typearea)              \topmargin      = 4.55246pt
(typearea)              \headheight     = 17.0pt
(typearea)              \headsep        = 20.40001pt
(typearea)              \topskip        = 11.0pt
(typearea)              \footskip       = 47.6pt
(typearea)              \baselineskip   = 13.6pt
(typearea)              on input line 93.
\@indexfile=\write3
\openout3 = `BA.idx'.


Writing index file BA.idx
\@nomenclaturefile=\write4
\openout4 = `BA.nlo'.

Writing nomenclature file BA.nlo
(./BA.aux (./einleitung.aux) (./anforderunsanalyse.aux) (./evaluation.aux)
(./entwurf.aux))
\openout1 = `BA.aux'.

LaTeX Font Info:    Checking defaults for OML/cmm/m/it on input line 98.
LaTeX Font Info:    ... okay on input line 98.
LaTeX Font Info:    Checking defaults for T1/cmr/m/n on input line 98.
LaTeX Font Info:    ... okay on input line 98.
LaTeX Font Info:    Checking defaults for OT1/cmr/m/n on input line 98.
LaTeX Font Info:    ... okay on input line 98.
LaTeX Font Info:    Checking defaults for OMS/cmsy/m/n on input line 98.
LaTeX Font Info:    ... okay on input line 98.
LaTeX Font Info:    Checking defaults for OMX/cmex/m/n on input line 98.
LaTeX Font Info:    ... okay on input line 98.
LaTeX Font Info:    Checking defaults for U/cmr/m/n on input line 98.
LaTeX Font Info:    ... okay on input line 98.
LaTeX Font Info:    Checking defaults for TS1/cmr/m/n on input line 98.
LaTeX Font Info:    Try loading font information for TS1+cmr on input line 98.
 (/usr/local/texlive/2014/texmf-dist/tex/latex/base/ts1cmr.fd
File: ts1cmr.fd 1999/05/25 v2.5h Standard LaTeX font definitions
)
LaTeX Font Info:    ... okay on input line 98.
LaTeX Font Info:    Checking defaults for PD1/pdf/m/n on input line 98.
LaTeX Font Info:    ... okay on input line 98.

(/usr/local/texlive/2014/texmf-dist/tex/context/base/supp-pdf.mkii
[Loading MPS to PDF converter (version 2006.09.02).]
\scratchcounter=\count124
\scratchdimen=\dimen134
\scratchbox=\box33
\nofMPsegments=\count125
\nofMParguments=\count126
\everyMPshowfont=\toks28
\MPscratchCnt=\count127
\MPscratchDim=\dimen135
\MPnumerator=\count128
\makeMPintoPDFobject=\count129
\everyMPtoPDFconversion=\toks29
)
\c@mv@tabular=\count130
\c@mv@boldtabular=\count131
LaTeX Info: Redefining \microtypecontext on input line 98.
Package microtype Info: Generating PDF output.
Package microtype Info: Character protrusion enabled (level 2).
Package microtype Info: Using default protrusion set `alltext'.
Package microtype Info: Automatic font expansion enabled (level 2),
(microtype)             stretch: 20, shrink: 20, step: 1, non-selected.
Package microtype Info: Using default expansion set `basictext'.
Package microtype Info: No adjustment of tracking.
Package microtype Info: No adjustment of interword spacing.
Package microtype Info: No adjustment of character kerning.
Package microtype Info: Loading generic settings for font family
(microtype)             `LinuxLibertineT-TLF' (encoding: T1).
(microtype)             For optimal results, create family-specific settings.
(microtype)             See the microtype manual for details.
\c@lstlisting=\count132
\AtBeginShipoutBox=\box34
Package hyperref Info: Link coloring ON on input line 98.
 (/usr/local/texlive/2014/texmf-dist/tex/latex/hyperref/nameref.sty
Package: nameref 2012/10/27 v2.43 Cross-referencing by name of section

(/usr/local/texlive/2014/texmf-dist/tex/generic/oberdiek/gettitlestring.sty
Package: gettitlestring 2010/12/03 v1.4 Cleanup title references (HO)
)
\c@section@level=\count133
LaTeX Info: Redefining \Ref on input line 513.
)
LaTeX Info: Redefining \ref on input line 98.
LaTeX Info: Redefining \pageref on input line 98.
LaTeX Info: Redefining \nameref on input line 98.

(./BA.out) (./BA.out)
\@outlinefile=\write5
\openout5 = `BA.out'.

LaTeX Info: Redefining \Ref on input line 98.
 ABD: EveryShipout initializing macros
(/usr/local/texlive/2014/texmf-dist/tex/latex/oberdiek/epstopdf-base.sty
Package: epstopdf-base 2010/02/09 v2.5 Base part for package epstopdf

(/usr/local/texlive/2014/texmf-dist/tex/latex/oberdiek/grfext.sty
Package: grfext 2010/08/19 v1.1 Manage graphics extensions (HO)
)
Package grfext Info: Graphics extension search list:
(grfext)             [.png,.pdf,.jpg,.mps,.jpeg,.jbig2,.jb2,.PNG,.PDF,.JPG,.JPE
G,.JBIG2,.JB2,.eps]
(grfext)             \AppendGraphicsExtensions on input line 452.

(/usr/local/texlive/2014/texmf-dist/tex/latex/latexconfig/epstopdf-sys.cfg
File: epstopdf-sys.cfg 2010/07/13 v1.3 Configuration of (r)epstopdf for TeX Liv
e
))
Package babel Info: Redefining ngerman shorthand "|
(babel)             in language  on input line 113.
Package babel Info: Redefining ngerman shorthand "~
(babel)             in language  on input line 113.


Package hyperref Warning: Token not allowed in a PDF string (PDFDocEncoding):
(hyperref)                removing `\\' on input line 113.

Package babel Info: Redefining ngerman shorthand "|
(babel)             in language  on input line 113.
Package babel Info: Redefining ngerman shorthand "~
(babel)             in language  on input line 113.

Package hyperref Warning: Token not allowed in a PDF string (PDFDocEncoding):
(hyperref)                removing `\\' on input line 113.

Package babel Info: Redefining ngerman shorthand "|
(babel)             in language  on input line 113.
Package babel Info: Redefining ngerman shorthand "~
(babel)             in language  on input line 113.
LaTeX Font Info:    Try loading font information for T1+LinuxBiolinumT-TLF on i
nput line 119.

(/usr/local/texlive/2014/texmf-dist/tex/latex/libertine/T1LinuxBiolinumT-TLF.fd
File: T1LinuxBiolinumT-TLF.fd 2012/11/26 (autoinst) Font definitions for T1/Lin
uxBiolinumT-TLF.
)
LaTeX Font Info:    Font shape `T1/LinuxBiolinumT-TLF/m/n' will be
(Font)              scaled to size 10.95pt on input line 119.
Package microtype Info: Loading generic settings for font family
(microtype)             `LinuxBiolinumT-TLF' (encoding: T1).
(microtype)             For optimal results, create family-specific settings.
(microtype)             See the microtype manual for details.
 <./logo/HAW_logo.png, id=176, 768.8725pt x 231.86626pt>
File: ./logo/HAW_logo.png Graphic file (type png)

<use ./logo/HAW_logo.png>
Package pdftex.def Info: ./logo/HAW_logo.png used on input line 119.
(pdftex.def)             Requested size: 284.52756pt x 85.80685pt.

Overfull \hbox (227.62206pt too wide) in paragraph at lines 119--119
[][] 
 []

(/usr/local/texlive/2014/texmf-dist/tex/latex/microtype/mt-cmr.cfg
File: mt-cmr.cfg 2013/05/19 v2.2 microtype config. file: Computer Modern Roman 
(RS)
)
LaTeX Font Info:    External font `cmex10' loaded for size
(Font)              <10.95> on input line 119.
LaTeX Font Info:    External font `cmex10' loaded for size
(Font)              <8> on input line 119.
LaTeX Font Info:    External font `cmex10' loaded for size
(Font)              <6> on input line 119.
LaTeX Font Info:    Font shape `T1/LinuxBiolinumT-TLF/bx/n' in size <10.95> not
 available
(Font)              Font shape `T1/LinuxBiolinumT-TLF/b/n' tried instead on inp
ut line 119.
LaTeX Font Info:    Font shape `T1/LinuxBiolinumT-TLF/b/n' will be
(Font)              scaled to size 10.95pt on input line 119.
LaTeX Font Info:    Font shape `T1/LinuxBiolinumT-TLF/bx/n' in size <24.88> not
 available
(Font)              Font shape `T1/LinuxBiolinumT-TLF/b/n' tried instead on inp
ut line 119.
LaTeX Font Info:    Font shape `T1/LinuxBiolinumT-TLF/b/n' will be
(Font)              scaled to size 24.88pt on input line 119.
LaTeX Font Info:    Font shape `T1/LinuxBiolinumT-TLF/bx/n' in size <14.4> not 
available
(Font)              Font shape `T1/LinuxBiolinumT-TLF/b/n' tried instead on inp
ut line 119.
LaTeX Font Info:    Font shape `T1/LinuxBiolinumT-TLF/b/n' will be
(Font)              scaled to size 14.4pt on input line 119.
LaTeX Font Info:    Font shape `T1/LinuxBiolinumT-TLF/bx/n' in size <12> not av
ailable
(Font)              Font shape `T1/LinuxBiolinumT-TLF/b/n' tried instead on inp
ut line 119.
LaTeX Font Info:    Font shape `T1/LinuxBiolinumT-TLF/b/n' will be
(Font)              scaled to size 12.0pt on input line 119.

Overfull \hbox (318.98038pt too wide) in paragraph at lines 119--119
[][][][][][][] 
 []

\haw@xpos=\skip66
\haw@fw=\skip67
\haw@tw=\skip68
LaTeX Font Info:    Font shape `T1/LinuxLibertineT-TLF/m/it' will be
(Font)              scaled to size 10.95pt on input line 119.

Overfull \hbox (455.24419pt too wide) in paragraph at lines 119--119
[]$[]$ 
 []

Package babel Info: Redefining ngerman shorthand "|
(babel)             in language  on input line 119.
Package babel Info: Redefining ngerman shorthand "~
(babel)             in language  on input line 119.
Package babel Info: Redefining ngerman shorthand "|
(babel)             in language  on input line 119.
Package babel Info: Redefining ngerman shorthand "~
(babel)             in language  on input line 119.
[1{/usr/local/texlive/2014/texmf-var/fonts/map/pdftex/updmap/pdftex.map}




 <./logo/HAW_logo.png>]
LaTeX Font Info:    Font shape `T1/LinuxLibertineT-TLF/m/n' will be
(Font)              scaled to size 14.4pt on input line 119.
LaTeX Font Info:    Font shape `T1/LinuxLibertineT-TLF/b/n' will be
(Font)              scaled to size 14.4pt on input line 119.

Underfull \hbox (badness 10000) in paragraph at lines 119--119

 []

Package babel Info: Redefining ngerman shorthand "|
(babel)             in language  on input line 119.
Package babel Info: Redefining ngerman shorthand "~
(babel)             in language  on input line 119.
Package babel Info: Redefining ngerman shorthand "|
(babel)             in language  on input line 119.
Package babel Info: Redefining ngerman shorthand "~
(babel)             in language  on input line 119.
[2]
LaTeX Font Info:    Font shape `T1/LinuxLibertineT-TLF/b/n' will be
(Font)              scaled to size 10.95pt on input line 131.
Package babel Info: Redefining ngerman shorthand "|
(babel)             in language  on input line 132.
Package babel Info: Redefining ngerman shorthand "~
(babel)             in language  on input line 132.
Package babel Info: Redefining ngerman shorthand "|
(babel)             in language  on input line 132.
Package babel Info: Redefining ngerman shorthand "~
(babel)             in language  on input line 132.
 [3]

Class scrbook Warning: \float@listhead detected!
(scrbook)              Implementation of \float@listhead became
(scrbook)              deprecated in KOMA-Script v3.01 2008/11/14 and
(scrbook)              has been replaced by more several more flexible
(scrbook)              features of package `tocbasic`.
(scrbook)              Maybe implementation of \float@listhead will
(scrbook)              be removed from KOMA-Script soon.
(scrbook)              Loading of package `scrhack' may help to
(scrbook)              avoid this warning, if you are using a
(scrbook)              a package that still implements the
(scrbook)              deprecated \float@listhead interface  on input line 133.


LaTeX Font Info:    Font shape `T1/LinuxBiolinumT-TLF/bx/n' in size <20.74> not
 available
(Font)              Font shape `T1/LinuxBiolinumT-TLF/b/n' tried instead on inp
ut line 133.
LaTeX Font Info:    Font shape `T1/LinuxBiolinumT-TLF/b/n' will be
(Font)              scaled to size 20.74pt on input line 133.
(./BA.lol)
\tf@lol=\write6
\openout6 = `BA.lol'.

LaTeX Font Info:    Font shape `T1/LinuxLibertineT-TLF/m/sl' in size <10.95> no
t available
(Font)              Font shape `T1/LinuxLibertineT-TLF/m/it' tried instead on i
nput line 138.
LaTeX Font Info:    Font shape `T1/LinuxLibertineT-TLF/m/it' will be
(Font)              scaled to size 10.95pt on input line 138.
Package babel Info: Redefining ngerman shorthand "|
(babel)             in language  on input line 138.
Package babel Info: Redefining ngerman shorthand "~
(babel)             in language  on input line 138.
Package babel Info: Redefining ngerman shorthand "|
(babel)             in language  on input line 138.
Package babel Info: Redefining ngerman shorthand "~
(babel)             in language  on input line 138.
 [4


]
Package tocbasic Info: character protrusion at toc deactivated on input line 14
1.
 (./BA.toc
Package babel Info: Redefining ngerman shorthand "|
(babel)             in language  on input line 50.
Package babel Info: Redefining ngerman shorthand "~
(babel)             in language  on input line 50.
Package babel Info: Redefining ngerman shorthand "|
(babel)             in language  on input line 50.
Package babel Info: Redefining ngerman shorthand "~
(babel)             in language  on input line 50.
 [5


])
\tf@toc=\write7
\openout7 = `BA.toc'.

Package babel Info: Redefining ngerman shorthand "|
(babel)             in language  on input line 142.
Package babel Info: Redefining ngerman shorthand "~
(babel)             in language  on input line 142.
Package babel Info: Redefining ngerman shorthand "|
(babel)             in language  on input line 142.
Package babel Info: Redefining ngerman shorthand "~
(babel)             in language  on input line 142.
 [6]
===== File: chapter 1
\openout2 = `einleitung.aux'.

(./einleitung.tex
Kapitel 1.
Package babel Info: Redefining ngerman shorthand "|
(babel)             in language  on input line 2.
Package babel Info: Redefining ngerman shorthand "~
(babel)             in language  on input line 2.

Class scrbook Warning: \float@addtolists detected!
(scrbook)              Implementation of \float@addtolist became
(scrbook)              deprecated in KOMA-Script v3.01 2008/11/14 and
(scrbook)              has been replaced by more several more flexible
(scrbook)              features of package `tocbasic`.
(scrbook)              Since Version 3.12 support for deprecated
(scrbook)              \float@addtolist interface has been
(scrbook)              restricted to only some of the KOMA-Script
(scrbook)              features and been removed from others.
(scrbook)              Loading of package `scrhack' may help to
(scrbook)              avoid this warning, if you are using a
(scrbook)              a package that still implements the
(scrbook)              deprecated \float@addtolist interface .

Package babel Info: Redefining ngerman shorthand "|
(babel)             in language  on input line 12.
Package babel Info: Redefining ngerman shorthand "~
(babel)             in language  on input line 12.
Package babel Info: Redefining ngerman shorthand "|
(babel)             in language  on input line 18.
Package babel Info: Redefining ngerman shorthand "~
(babel)             in language  on input line 18.

Underfull \hbox (badness 10000) in paragraph at lines 19--27

 []

Package babel Info: Redefining ngerman shorthand "|
(babel)             in language  on input line 27.
Package babel Info: Redefining ngerman shorthand "~
(babel)             in language  on input line 27.
Package babel Info: Redefining ngerman shorthand "|
(babel)             in language  on input line 27.
Package babel Info: Redefining ngerman shorthand "~
(babel)             in language  on input line 27.
[1




]
Package babel Info: Redefining ngerman shorthand "|
(babel)             in language  on input line 43.
Package babel Info: Redefining ngerman shorthand "~
(babel)             in language  on input line 43.
Package babel Info: Redefining ngerman shorthand "|
(babel)             in language  on input line 49.
Package babel Info: Redefining ngerman shorthand "~
(babel)             in language  on input line 49.
Package babel Info: Redefining ngerman shorthand "|
(babel)             in language  on input line 52.
Package babel Info: Redefining ngerman shorthand "~
(babel)             in language  on input line 52.
Package babel Info: Redefining ngerman shorthand "|
(babel)             in language  on input line 52.
Package babel Info: Redefining ngerman shorthand "~
(babel)             in language  on input line 52.
 [2]
Kapitel 2.
Package babel Info: Redefining ngerman shorthand "|
(babel)             in language  on input line 52.
Package babel Info: Redefining ngerman shorthand "~
(babel)             in language  on input line 52.
Package babel Info: Redefining ngerman shorthand "|
(babel)             in language  on input line 58.
Package babel Info: Redefining ngerman shorthand "~
(babel)             in language  on input line 58.
Package babel Info: Redefining ngerman shorthand "|
(babel)             in language  on input line 73.
Package babel Info: Redefining ngerman shorthand "~
(babel)             in language  on input line 73.

Underfull \hbox (badness 10000) in paragraph at lines 80--83

 []

Package babel Info: Redefining ngerman shorthand "|
(babel)             in language  on input line 83.
Package babel Info: Redefining ngerman shorthand "~
(babel)             in language  on input line 83.
Package babel Info: Redefining ngerman shorthand "|
(babel)             in language  on input line 83.
Package babel Info: Redefining ngerman shorthand "~
(babel)             in language  on input line 83.
[3


]
Package babel Info: Redefining ngerman shorthand "|
(babel)             in language  on input line 85.
Package babel Info: Redefining ngerman shorthand "~
(babel)             in language  on input line 85.
 <../Bilder/BSVirtualisierung.png, id=282, 384.43625pt x 316.18124pt>
File: ../Bilder/BSVirtualisierung.png Graphic file (type png)

<use ../Bilder/BSVirtualisierung.png>
Package pdftex.def Info: ../Bilder/BSVirtualisierung.png used on input line 93.

(pdftex.def)             Requested size: 153.77177pt x 126.47025pt.
Package babel Info: Redefining ngerman shorthand "|
(babel)             in language  on input line 97.
Package babel Info: Redefining ngerman shorthand "~
(babel)             in language  on input line 97.
Package babel Info: Redefining ngerman shorthand "|
(babel)             in language  on input line 97.
Package babel Info: Redefining ngerman shorthand "~
(babel)             in language  on input line 97.
 [4]
Package babel Info: Redefining ngerman shorthand "|
(babel)             in language  on input line 100.
Package babel Info: Redefining ngerman shorthand "~
(babel)             in language  on input line 100.
Package babel Info: Redefining ngerman shorthand "|
(babel)             in language  on input line 110.
Package babel Info: Redefining ngerman shorthand "~
(babel)             in language  on input line 110.
Package babel Info: Redefining ngerman shorthand "|
(babel)             in language  on input line 110.
Package babel Info: Redefining ngerman shorthand "~
(babel)             in language  on input line 110.
 [5 <../Bilder/BSVirtualisierung.png>] <../Bilder/Hypervisor1.png, id=300, 291.
0875pt x 266.9975pt>
File: ../Bilder/Hypervisor1.png Graphic file (type png)

<use ../Bilder/Hypervisor1.png>
Package pdftex.def Info: ../Bilder/Hypervisor1.png used on input line 121.
(pdftex.def)             Requested size: 202.79285pt x 186.0129pt.
LaTeX Font Info:    Font shape `T1/LinuxLibertineT-TLF/m/n' will be
(Font)              scaled to size 9.0pt on input line 121.

<../Bilder/Hypervisor2.png, id=301, 299.1175pt x 259.97125pt>
File: ../Bilder/Hypervisor2.png Graphic file (type png)

<use ../Bilder/Hypervisor2.png>
Package pdftex.def Info: ../Bilder/Hypervisor2.png used on input line 122.
(pdftex.def)             Requested size: 202.79285pt x 176.25449pt.
Package babel Info: Redefining ngerman shorthand "|
(babel)             in language  on input line 127.
Package babel Info: Redefining ngerman shorthand "~
(babel)             in language  on input line 127.
Package babel Info: Redefining ngerman shorthand "|
(babel)             in language  on input line 134.
Package babel Info: Redefining ngerman shorthand "~
(babel)             in language  on input line 134.
Package babel Info: Redefining ngerman shorthand "|
(babel)             in language  on input line 134.
Package babel Info: Redefining ngerman shorthand "~
(babel)             in language  on input line 134.
 [6 <../Bilder/Hypervisor1.png> <../Bilder/Hypervisor2.png>]
LaTeX Font Info:    Try loading font information for T1+LinuxLibertineMonoT-TLF
 on input line 135.

(/usr/local/texlive/2014/texmf-dist/tex/latex/libertine/T1LinuxLibertineMonoT-T
LF.fd
File: T1LinuxLibertineMonoT-TLF.fd 2012/12/06 (autoinst) Font definitions for T
1/LinuxLibertineMonoT-TLF.
)
LaTeX Font Info:    Font shape `T1/LinuxLibertineMonoT-TLF/m/n' will be
(Font)              scaled to size 10.95pt on input line 135.
Package microtype Info: Loading generic settings for font family
(microtype)             `LinuxLibertineMonoT-TLF' (encoding: T1).
(microtype)             For optimal results, create family-specific settings.
(microtype)             See the microtype manual for details.
LaTeX Font Info:    Font shape `T1/LinuxLibertineMonoT-TLF/m/n' will be
(Font)              scaled to size 10.0pt on input line 135.
LaTeX Font Info:    Font shape `T1/LinuxLibertineT-TLF/m/n' will be
(Font)              scaled to size 10.0pt on input line 136.
LaTeX Font Info:    Font shape `T1/LinuxLibertineT-TLF/m/n' will be
(Font)              scaled to size 6.0pt on input line 136.
)
Package babel Info: Redefining ngerman shorthand "|
(babel)             in language  on input line 158.
Package babel Info: Redefining ngerman shorthand "~
(babel)             in language  on input line 158.
Package babel Info: Redefining ngerman shorthand "|
(babel)             in language  on input line 158.
Package babel Info: Redefining ngerman shorthand "~
(babel)             in language  on input line 158.
 [7]
\openout2 = `anforderunsanalyse.aux'.

 (./anforderunsanalyse.tex
Kapitel 3.
Package babel Info: Redefining ngerman shorthand "|
(babel)             in language  on input line 1.
Package babel Info: Redefining ngerman shorthand "~
(babel)             in language  on input line 1.
Package babel Info: Redefining ngerman shorthand "|
(babel)             in language  on input line 7.
Package babel Info: Redefining ngerman shorthand "~
(babel)             in language  on input line 7.

Underfull \hbox (badness 10000) in paragraph at lines 8--9

 []


Underfull \hbox (badness 10000) in paragraph at lines 8--9

 []

Package babel Info: Redefining ngerman shorthand "|
(babel)             in language  on input line 13.
Package babel Info: Redefining ngerman shorthand "~
(babel)             in language  on input line 13.
Package babel Info: Redefining ngerman shorthand "|
(babel)             in language  on input line 13.
Package babel Info: Redefining ngerman shorthand "~
(babel)             in language  on input line 13.
[8




]
Package babel Info: Redefining ngerman shorthand "|
(babel)             in language  on input line 14.
Package babel Info: Redefining ngerman shorthand "~
(babel)             in language  on input line 14.

Underfull \hbox (badness 10000) in paragraph at lines 15--16

 []

<../Bilder/Stakeholder.png, id=335, 654.445pt x 475.7775pt>
File: ../Bilder/Stakeholder.png Graphic file (type png)

<use ../Bilder/Stakeholder.png>
Package pdftex.def Info: ../Bilder/Stakeholder.png used on input line 20.
(pdftex.def)             Requested size: 261.77336pt x 190.30762pt.
Package babel Info: Redefining ngerman shorthand "|
(babel)             in language  on input line 27.
Package babel Info: Redefining ngerman shorthand "~
(babel)             in language  on input line 27.
Package babel Info: Redefining ngerman shorthand "|
(babel)             in language  on input line 44.
Package babel Info: Redefining ngerman shorthand "~
(babel)             in language  on input line 44.
Package babel Info: Redefining ngerman shorthand "|
(babel)             in language  on input line 44.
Package babel Info: Redefining ngerman shorthand "~
(babel)             in language  on input line 44.
 [9 <../Bilder/Stakeholder.png>]
Overfull \hbox (14.21658pt too wide) in paragraph at lines 91--92
\T1/LinuxLibertineT-TLF/m/n/10.95 (-20) fhrt wer-den ms-sen, soll-te die An-w
en-dung dies nur durch einen ex-pli-zi-ten Administratoren-
 []

Package babel Info: Redefining ngerman shorthand "|
(babel)             in language  on input line 96.
Package babel Info: Redefining ngerman shorthand "~
(babel)             in language  on input line 96.
Package babel Info: Redefining ngerman shorthand "|
(babel)             in language  on input line 96.
Package babel Info: Redefining ngerman shorthand "~
(babel)             in language  on input line 96.
[10]
Package babel Info: Redefining ngerman shorthand "|
(babel)             in language  on input line 104.
Package babel Info: Redefining ngerman shorthand "~
(babel)             in language  on input line 104.
Package babel Info: Redefining ngerman shorthand "|
(babel)             in language  on input line 114.
Package babel Info: Redefining ngerman shorthand "~
(babel)             in language  on input line 114.
 <../Bilder/UseCaseUebersicht.png, id=350, 672.5125pt x 817.0525pt>
File: ../Bilder/UseCaseUebersicht.png Graphic file (type png)

<use ../Bilder/UseCaseUebersicht.png>
Package pdftex.def Info: ../Bilder/UseCaseUebersicht.png used on input line 120
.
(pdftex.def)             Requested size: 336.25542pt x 408.52525pt.
Package placeins Info: Must dump some floats on input line 124.
Package babel Info: Redefining ngerman shorthand "|
(babel)             in language  on input line 124.
Package babel Info: Redefining ngerman shorthand "~
(babel)             in language  on input line 124.
Package babel Info: Redefining ngerman shorthand "|
(babel)             in language  on input line 124.
Package babel Info: Redefining ngerman shorthand "~
(babel)             in language  on input line 124.
 [11
Package placeins Info: Float barrier, from input line 124, processed on page 11
, lands on page 11. 
]
Package babel Info: Redefining ngerman shorthand "|
(babel)             in language  on input line 124.
Package babel Info: Redefining ngerman shorthand "~
(babel)             in language  on input line 124.
Package babel Info: Redefining ngerman shorthand "|
(babel)             in language  on input line 124.
Package babel Info: Redefining ngerman shorthand "~
(babel)             in language  on input line 124.
 [12 <../Bilder/UseCaseUebersicht.png>]
Package placeins Info: Check again: on input line 124.
Package placeins Info: No floats held, on input line 124.
Package babel Info: Redefining ngerman shorthand "|
(babel)             in language  on input line 126.
Package babel Info: Redefining ngerman shorthand "~
(babel)             in language  on input line 126.

Overfull \hbox (8.48024pt too wide) in paragraph at lines 129--140
[] 
 []


Underfull \hbox (badness 10000) in paragraph at lines 144--145

 []


Underfull \hbox (badness 10000) in paragraph at lines 144--145

 []


Overfull \hbox (8.48024pt too wide) in paragraph at lines 149--160
[] 
 []

Package babel Info: Redefining ngerman shorthand "|
(babel)             in language  on input line 160.
Package babel Info: Redefining ngerman shorthand "~
(babel)             in language  on input line 160.
Package babel Info: Redefining ngerman shorthand "|
(babel)             in language  on input line 160.
Package babel Info: Redefining ngerman shorthand "~
(babel)             in language  on input line 160.
[13
Package placeins Info: Float barrier, from input line 124, processed on page 13
, lands on page 13. 
]
Underfull \hbox (badness 10000) in paragraph at lines 162--163

 []


Underfull \hbox (badness 10000) in paragraph at lines 162--163

 []


Overfull \hbox (8.48024pt too wide) in paragraph at lines 167--178
[] 
 []

Package babel Info: Redefining ngerman shorthand "|
(babel)             in language  on input line 181.
Package babel Info: Redefining ngerman shorthand "~
(babel)             in language  on input line 181.
Package babel Info: Redefining ngerman shorthand "|
(babel)             in language  on input line 181.
Package babel Info: Redefining ngerman shorthand "~
(babel)             in language  on input line 181.
[14]
Underfull \hbox (badness 10000) in paragraph at lines 181--182

 []


Underfull \hbox (badness 10000) in paragraph at lines 181--182

 []


Overfull \hbox (8.48024pt too wide) in paragraph at lines 186--197
[] 
 []

Package babel Info: Redefining ngerman shorthand "|
(babel)             in language  on input line 236.
Package babel Info: Redefining ngerman shorthand "~
(babel)             in language  on input line 236.
Package babel Info: Redefining ngerman shorthand "|
(babel)             in language  on input line 244.
Package babel Info: Redefining ngerman shorthand "~
(babel)             in language  on input line 244.
Package babel Info: Redefining ngerman shorthand "|
(babel)             in language  on input line 244.
Package babel Info: Redefining ngerman shorthand "~
(babel)             in language  on input line 244.
[15]
Underfull \hbox (badness 10000) in paragraph at lines 260--261

 []


Underfull \hbox (badness 10000) in paragraph at lines 260--261

 []

Package babel Info: Redefining ngerman shorthand "|
(babel)             in language  on input line 264.
Package babel Info: Redefining ngerman shorthand "~
(babel)             in language  on input line 264.
Package babel Info: Redefining ngerman shorthand "|
(babel)             in language  on input line 264.
Package babel Info: Redefining ngerman shorthand "~
(babel)             in language  on input line 264.
[16]
Package babel Info: Redefining ngerman shorthand "|
(babel)             in language  on input line 285.
Package babel Info: Redefining ngerman shorthand "~
(babel)             in language  on input line 285.
Package babel Info: Redefining ngerman shorthand "|
(babel)             in language  on input line 285.
Package babel Info: Redefining ngerman shorthand "~
(babel)             in language  on input line 285.
 [17]
Underfull \hbox (badness 10000) in paragraph at lines 295--296

 []

<../Bilder/share_mockup.png, id=441, 774.895pt x 581.17125pt>
File: ../Bilder/share_mockup.png Graphic file (type png)

<use ../Bilder/share_mockup.png>
Package pdftex.def Info: ../Bilder/share_mockup.png used on input line 301.
(pdftex.def)             Requested size: 372.46997pt x 279.35808pt.
Package placeins Info: Must dump some floats on input line 305.
Package babel Info: Redefining ngerman shorthand "|
(babel)             in language  on input line 305.
Package babel Info: Redefining ngerman shorthand "~
(babel)             in language  on input line 305.
Package babel Info: Redefining ngerman shorthand "|
(babel)             in language  on input line 305.
Package babel Info: Redefining ngerman shorthand "~
(babel)             in language  on input line 305.
 [18
Package placeins Info: Float barrier, from input line 305, processed on page 18
, lands on page 18. 
]
Package babel Info: Redefining ngerman shorthand "|
(babel)             in language  on input line 305.
Package babel Info: Redefining ngerman shorthand "~
(babel)             in language  on input line 305.
Package babel Info: Redefining ngerman shorthand "|
(babel)             in language  on input line 305.
Package babel Info: Redefining ngerman shorthand "~
(babel)             in language  on input line 305.
 [19 <../Bilder/share_mockup.png>]
Package placeins Info: Check again: on input line 305.
Package placeins Info: No floats held, on input line 305.
Package babel Info: Redefining ngerman shorthand "|
(babel)             in language  on input line 316.
Package babel Info: Redefining ngerman shorthand "~
(babel)             in language  on input line 316.
LaTeX Font Info:    Try loading font information for TS1+LinuxLibertineT-TLF on
 input line 320.

(/usr/local/texlive/2014/texmf-dist/tex/latex/libertine/TS1LinuxLibertineT-TLF.
fd
File: TS1LinuxLibertineT-TLF.fd 2012/11/26 (autoinst) Font definitions for TS1/
LinuxLibertineT-TLF.
)
LaTeX Font Info:    Font shape `TS1/LinuxLibertineT-TLF/m/n' will be
(Font)              scaled to size 10.95pt on input line 320.
Package microtype Info: Loading generic settings for font family
(microtype)             `LinuxLibertineT-TLF' (encoding: TS1).
(microtype)             For optimal results, create family-specific settings.
(microtype)             See the microtype manual for details.
Package babel Info: Redefining ngerman shorthand "|
(babel)             in language  on input line 325.
Package babel Info: Redefining ngerman shorthand "~
(babel)             in language  on input line 325.

<../Bilder/technische_randbedingungen.png, id=463, 727.71875pt x 436.63126pt>
File: ../Bilder/technische_randbedingungen.png Graphic file (type png)

<use ../Bilder/technische_randbedingungen.png>
Package pdftex.def Info: ../Bilder/technische_randbedingungen.png used on input
 line 330.
(pdftex.def)             Requested size: 372.46997pt x 223.48515pt.
Package placeins Info: Must dump some floats on input line 335.
Package babel Info: Redefining ngerman shorthand "|
(babel)             in language  on input line 335.
Package babel Info: Redefining ngerman shorthand "~
(babel)             in language  on input line 335.
Package babel Info: Redefining ngerman shorthand "|
(babel)             in language  on input line 335.
Package babel Info: Redefining ngerman shorthand "~
(babel)             in language  on input line 335.
 [20
Package placeins Info: Float barrier, from input line 305, processed on page 20
, lands on page 20. 
Package placeins Info: Float barrier, from input line 335, processed on page 20
, lands on page 20. 
]
Package placeins Info: Check again: on input line 335.
Package placeins Info: No floats held, on input line 335.
Package babel Info: Redefining ngerman shorthand "|
(babel)             in language  on input line 337.
Package babel Info: Redefining ngerman shorthand "~
(babel)             in language  on input line 337.
)
Package babel Info: Redefining ngerman shorthand "|
(babel)             in language  on input line 159.
Package babel Info: Redefining ngerman shorthand "~
(babel)             in language  on input line 159.
Package babel Info: Redefining ngerman shorthand "|
(babel)             in language  on input line 159.
Package babel Info: Redefining ngerman shorthand "~
(babel)             in language  on input line 159.
 [21
Package placeins Info: Float barrier, from input line 335, processed on page 21
, lands on page 21. 
 <../Bilder/technische_randbedingungen.png>]
\openout2 = `evaluation.aux'.

 (./evaluation.tex
Kapitel 4.
Package babel Info: Redefining ngerman shorthand "|
(babel)             in language  on input line 1.
Package babel Info: Redefining ngerman shorthand "~
(babel)             in language  on input line 1.
Package babel Info: Redefining ngerman shorthand "|
(babel)             in language  on input line 5.
Package babel Info: Redefining ngerman shorthand "~
(babel)             in language  on input line 5.
Package babel Info: Redefining ngerman shorthand "|
(babel)             in language  on input line 18.
Package babel Info: Redefining ngerman shorthand "~
(babel)             in language  on input line 18.
Package babel Info: Redefining ngerman shorthand "|
(babel)             in language  on input line 23.
Package babel Info: Redefining ngerman shorthand "~
(babel)             in language  on input line 23.
Package babel Info: Redefining ngerman shorthand "|
(babel)             in language  on input line 23.
Package babel Info: Redefining ngerman shorthand "~
(babel)             in language  on input line 23.
[22




]
Package babel Info: Redefining ngerman shorthand "|
(babel)             in language  on input line 24.
Package babel Info: Redefining ngerman shorthand "~
(babel)             in language  on input line 24.
Package babel Info: Redefining ngerman shorthand "|
(babel)             in language  on input line 27.
Package babel Info: Redefining ngerman shorthand "~
(babel)             in language  on input line 27.
Package babel Info: Redefining ngerman shorthand "|
(babel)             in language  on input line 32.
Package babel Info: Redefining ngerman shorthand "~
(babel)             in language  on input line 32.

Underfull \hbox (badness 10000) in paragraph at lines 33--34

 []


Underfull \hbox (badness 10000) in paragraph at lines 33--34

 []


Underfull \hbox (badness 10000) in paragraph at lines 37--37
[]|\T1/LinuxLibertineT-TLF/b/n/10.95 VMware Player
 []


Underfull \hbox (badness 10000) in paragraph at lines 38--38
[]|\T1/LinuxLibertineT-TLF/b/n/10.95 Host-
 []


Underfull \hbox (badness 4217) in paragraph at lines 38--38
\T1/LinuxLibertineT-TLF/m/n/10.95 (+20) Linux Dis-tri-bu-tio-
 []


Underfull \hbox (badness 10000) in paragraph at lines 38--38
[]|\T1/LinuxLibertineT-TLF/m/n/10.95 (+20) Windows, Li-nux,
 []


Underfull \hbox (badness 10000) in paragraph at lines 39--39
[]|\T1/LinuxLibertineT-TLF/b/n/10.95 Gast-
 []


Underfull \hbox (badness 10000) in paragraph at lines 39--39
\T1/LinuxLibertineT-TLF/m/n/10.95 (+20) Distributionen,
 []


Underfull \hbox (badness 5431) in paragraph at lines 39--39
\T1/LinuxLibertineT-TLF/m/n/10.95 (+20) Mac OS X, IBM
 []


Underfull \hbox (badness 10000) in paragraph at lines 40--40
[]|\T1/LinuxLibertineT-TLF/b/n/10.95 64-Bit-Gast-
 []

Package babel Info: Redefining ngerman shorthand "|
(babel)             in language  on input line 48.
Package babel Info: Redefining ngerman shorthand "~
(babel)             in language  on input line 48.
Package babel Info: Redefining ngerman shorthand "|
(babel)             in language  on input line 48.
Package babel Info: Redefining ngerman shorthand "~
(babel)             in language  on input line 48.
[23]
Package babel Info: Redefining ngerman shorthand "|
(babel)             in language  on input line 48.
Package babel Info: Redefining ngerman shorthand "~
(babel)             in language  on input line 48.
Package babel Info: Redefining ngerman shorthand "|
(babel)             in language  on input line 53.
Package babel Info: Redefining ngerman shorthand "~
(babel)             in language  on input line 53.
Package babel Info: Redefining ngerman shorthand "|
(babel)             in language  on input line 53.
Package babel Info: Redefining ngerman shorthand "~
(babel)             in language  on input line 53.
 [24]
Package babel Info: Redefining ngerman shorthand "|
(babel)             in language  on input line 54.
Package babel Info: Redefining ngerman shorthand "~
(babel)             in language  on input line 54.

Overfull \hbox (5.11273pt too wide) in paragraph at lines 55--58
\T1/LinuxLibertineT-TLF/m/n/10.95 (-20) von so-ge-nann-te Zu-stands-be-schrei-b
un-gen ei-nes Hos-tes. Kurz-ge-fasst, Konfigurationsmanagement-
 []

Package babel Info: Redefining ngerman shorthand "|
(babel)             in language  on input line 59.
Package babel Info: Redefining ngerman shorthand "~
(babel)             in language  on input line 59.
Package babel Info: Redefining ngerman shorthand "|
(babel)             in language  on input line 65.
Package babel Info: Redefining ngerman shorthand "~
(babel)             in language  on input line 65.
Package babel Info: Redefining ngerman shorthand "|
(babel)             in language  on input line 72.
Package babel Info: Redefining ngerman shorthand "~
(babel)             in language  on input line 72.
Package babel Info: Redefining ngerman shorthand "|
(babel)             in language  on input line 72.
Package babel Info: Redefining ngerman shorthand "~
(babel)             in language  on input line 72.
[25]
Package babel Info: Redefining ngerman shorthand "|
(babel)             in language  on input line 73.
Package babel Info: Redefining ngerman shorthand "~
(babel)             in language  on input line 73.
Package babel Info: Redefining ngerman shorthand "|
(babel)             in language  on input line 80.
Package babel Info: Redefining ngerman shorthand "~
(babel)             in language  on input line 80.

Underfull \hbox (badness 10000) in paragraph at lines 81--82

 []


Underfull \hbox (badness 10000) in paragraph at lines 81--82

 []


Underfull \hbox (badness 10000) in paragraph at lines 86--86
[]|\T1/LinuxLibertineT-TLF/b/n/10.95 Host-
 []


Underfull \hbox (badness 4217) in paragraph at lines 86--86
[]|\T1/LinuxLibertineT-TLF/m/n/10.95 (+20) Linux Dis-tri-bu-tio-
 []


Underfull \hbox (badness 10000) in paragraph at lines 87--87
[]|\T1/LinuxLibertineT-TLF/b/n/10.95 Client-
 []


Underfull \hbox (badness 10000) in paragraph at lines 87--87
[]|\T1/LinuxLibertineT-TLF/m/n/10.95 (+20) Diverse Li-nux
 []


Underfull \hbox (badness 10000) in paragraph at lines 87--87
\T1/LinuxLibertineT-TLF/m/n/10.95 (+20) Dis-tri-bu-tio-nen,
 []


Underfull \hbox (badness 10000) in paragraph at lines 87--87
[]|\T1/LinuxLibertineT-TLF/m/n/10.95 (+20) Diverse Li-nux
 []


Underfull \hbox (badness 10000) in paragraph at lines 87--87
\T1/LinuxLibertineT-TLF/m/n/10.95 (+20) Dis-tri-bu-tio-nen,
 []


Underfull \hbox (badness 4217) in paragraph at lines 87--87
[]|\T1/LinuxLibertineT-TLF/m/n/10.95 (+20) Linux Dis-tri-bu-tio-
 []


Underfull \hbox (badness 10000) in paragraph at lines 89--89
[]|\T1/LinuxLibertineT-TLF/b/n/10.95 Command-line
 []


Underfull \hbox (badness 10000) in paragraph at lines 89--89
\T1/LinuxLibertineT-TLF/b/n/10.95 In-ter-face Spra-
 []

Package babel Info: Redefining ngerman shorthand "|
(babel)             in language  on input line 96.
Package babel Info: Redefining ngerman shorthand "~
(babel)             in language  on input line 96.
Package babel Info: Redefining ngerman shorthand "|
(babel)             in language  on input line 96.
Package babel Info: Redefining ngerman shorthand "~
(babel)             in language  on input line 96.
[26]
Package babel Info: Redefining ngerman shorthand "|
(babel)             in language  on input line 96.
Package babel Info: Redefining ngerman shorthand "~
(babel)             in language  on input line 96.
Package babel Info: Redefining ngerman shorthand "|
(babel)             in language  on input line 101.
Package babel Info: Redefining ngerman shorthand "~
(babel)             in language  on input line 101.
Package babel Info: Redefining ngerman shorthand "|
(babel)             in language  on input line 109.
Package babel Info: Redefining ngerman shorthand "~
(babel)             in language  on input line 109.
Package babel Info: Redefining ngerman shorthand "|
(babel)             in language  on input line 109.
Package babel Info: Redefining ngerman shorthand "~
(babel)             in language  on input line 109.
 [27])
Package babel Info: Redefining ngerman shorthand "|
(babel)             in language  on input line 160.
Package babel Info: Redefining ngerman shorthand "~
(babel)             in language  on input line 160.
Package babel Info: Redefining ngerman shorthand "|
(babel)             in language  on input line 160.
Package babel Info: Redefining ngerman shorthand "~
(babel)             in language  on input line 160.
 [28]
\openout2 = `entwurf.aux'.

 (./entwurf.tex
Kapitel 5.
Package babel Info: Redefining ngerman shorthand "|
(babel)             in language  on input line 1.
Package babel Info: Redefining ngerman shorthand "~
(babel)             in language  on input line 1.
<../Bilder/sichten.png, id=531, 296.10625pt x 146.5475pt>
File: ../Bilder/sichten.png Graphic file (type png)

<use ../Bilder/sichten.png>
Package pdftex.def Info: ../Bilder/sichten.png used on input line 22.
(pdftex.def)             Requested size: 372.46997pt x 184.34668pt.
Package placeins Info: No floats held, on input line 26.
Package babel Info: Redefining ngerman shorthand "|
(babel)             in language  on input line 28.
Package babel Info: Redefining ngerman shorthand "~
(babel)             in language  on input line 28.


LaTeX Warning: Reference `NFA' on page 29 undefined on input line 30.

Package babel Info: Redefining ngerman shorthand "|
(babel)             in language  on input line 35.
Package babel Info: Redefining ngerman shorthand "~
(babel)             in language  on input line 35.
Package babel Info: Redefining ngerman shorthand "|
(babel)             in language  on input line 35.
Package babel Info: Redefining ngerman shorthand "~
(babel)             in language  on input line 35.
[29




Package placeins Info: Float barrier, from input line 26, processed on page 29,
 lands on page 29. 
 <../Bilder/sichten.png>]
<../Bilder/kontextsicht.png, id=545, 734.745pt x 405.515pt>
File: ../Bilder/kontextsicht.png Graphic file (type png)

<use ../Bilder/kontextsicht.png>
Package pdftex.def Info: ../Bilder/kontextsicht.png used on input line 38.
(pdftex.def)             Requested size: 367.3716pt x 202.75699pt.

Underfull \hbox (badness 7133) in paragraph at lines 47--47
[]|\T1/LinuxLibertineT-TLF/b/n/10.95 Kommunikation ber
 []


Overfull \hbox (8.48024pt too wide) in paragraph at lines 44--49
[] 
 []

Package babel Info: Redefining ngerman shorthand "|
(babel)             in language  on input line 52.
Package babel Info: Redefining ngerman shorthand "~
(babel)             in language  on input line 52.
Package babel Info: Redefining ngerman shorthand "|
(babel)             in language  on input line 52.
Package babel Info: Redefining ngerman shorthand "~
(babel)             in language  on input line 52.
[30 <../Bilder/kontextsicht.png>]
Package babel Info: Redefining ngerman shorthand "|
(babel)             in language  on input line 52.
Package babel Info: Redefining ngerman shorthand "~
(babel)             in language  on input line 52.
Package babel Info: Redefining ngerman shorthand "|
(babel)             in language  on input line 52.
Package babel Info: Redefining ngerman shorthand "~
(babel)             in language  on input line 52.
 [31]
Kapitel 6.
Package babel Info: Redefining ngerman shorthand "|
(babel)             in language  on input line 52.
Package babel Info: Redefining ngerman shorthand "~
(babel)             in language  on input line 52.
Package babel Info: Redefining ngerman shorthand "|
(babel)             in language  on input line 53.
Package babel Info: Redefining ngerman shorthand "~
(babel)             in language  on input line 53.
Package babel Info: Redefining ngerman shorthand "|
(babel)             in language  on input line 54.
Package babel Info: Redefining ngerman shorthand "~
(babel)             in language  on input line 54.
Package babel Info: Redefining ngerman shorthand "|
(babel)             in language  on input line 55.
Package babel Info: Redefining ngerman shorthand "~
(babel)             in language  on input line 55.
Package babel Info: Redefining ngerman shorthand "|
(babel)             in language  on input line 56.
Package babel Info: Redefining ngerman shorthand "~
(babel)             in language  on input line 56.
)
Package babel Info: Redefining ngerman shorthand "|
(babel)             in language  on input line 161.
Package babel Info: Redefining ngerman shorthand "~
(babel)             in language  on input line 161.
Package babel Info: Redefining ngerman shorthand "|
(babel)             in language  on input line 161.
Package babel Info: Redefining ngerman shorthand "~
(babel)             in language  on input line 161.
 [32


]
===== Section: literature
(./BA.bbl
LaTeX Font Info:    Font shape `T1/LinuxLibertineT-TLF/m/sc' will be
(Font)              scaled to size 10.95pt on input line 11.
Package babel Info: Redefining ngerman shorthand "|
(babel)             in language  on input line 88.
Package babel Info: Redefining ngerman shorthand "~
(babel)             in language  on input line 88.
Package babel Info: Redefining ngerman shorthand "|
(babel)             in language  on input line 88.
Package babel Info: Redefining ngerman shorthand "~
(babel)             in language  on input line 88.
 [33





])
===== Section: nomenclature
Package babel Info: Redefining ngerman shorthand "|
(babel)             in language  on input line 206.
Package babel Info: Redefining ngerman shorthand "~
(babel)             in language  on input line 206.
Package babel Info: Redefining ngerman shorthand "|
(babel)             in language  on input line 206.
Package babel Info: Redefining ngerman shorthand "~
(babel)             in language  on input line 206.
[34]
No file BA.nls.
===== Section: index
(./BA.ind)
Package atveryend Info: Empty hook `BeforeClearDocument' on input line 216.
Package babel Info: Redefining ngerman shorthand "|
(babel)             in language  on input line 216.
Package babel Info: Redefining ngerman shorthand "~
(babel)             in language  on input line 216.
Package babel Info: Redefining ngerman shorthand "|
(babel)             in language  on input line 216.
Package babel Info: Redefining ngerman shorthand "~
(babel)             in language  on input line 216.
 [35

]
Package atveryend Info: Empty hook `AfterLastShipout' on input line 216.
 (./BA.aux (./einleitung.aux) (./anforderunsanalyse.aux)
(./evaluation.aux) (./entwurf.aux))
Package atveryend Info: Executing hook `AtVeryEndDocument' on input line 216.
Package atveryend Info: Executing hook `AtEndAfterFileList' on input line 216.
Package rerunfilecheck Info: File `BA.out' has not changed.
(rerunfilecheck)             Checksum: E359F806FC81D1A2AE749F76DF1066CC;2922.


LaTeX Warning: There were undefined references.

Package atveryend Info: Empty hook `AtVeryVeryEnd' on input line 216.
 ) 
Here is how much of TeX's memory you used:
 14767 strings out of 493117
 236348 string characters out of 6135433
 390435 words of memory out of 5000000
 17567 multiletter control sequences out of 15000+600000
 107252 words of font info for 172 fonts, out of 8000000 for 9000
 1141 hyphenation exceptions out of 8191
 64i,10n,55p,996b,1179s stack positions out of 5000i,500n,10000p,200000b,80000s
{/usr/local/texlive/2014/texmf-dist/fonts/enc/dvips/libertine/lbtn_25tcsq.enc
}{/usr/local/texlive/2014/texmf-dist/fonts/enc/dvips/libertine/lbtn_ncsllp.enc}
{/usr/local/texlive/2014/texmf-dist/fonts/enc/dvips/libertine/lbtn_naooyc.enc}{
/usr/local/texlive/2014/texmf-dist/fonts/enc/dvips/libertine/lbtn_d6jdyt.enc}{/
usr/local/texlive/2014/texmf-dist/fonts/enc/dvips/libertine/lbtn_nh77jq.enc}{/u
sr/local/texlive/2014/texmf-dist/fonts/enc/dvips/libertine/lbtn_76gpa5.enc}{/us
r/local/texlive/2014/texmf-dist/fonts/enc/dvips/libertine/lbtn_7grukw.enc}</usr
/local/texlive/2014/texmf-dist/fonts/type1/public/libertine/LinBiolinumT.pfb></
usr/local/texlive/2014/texmf-dist/fonts/type1/public/libertine/LinBiolinumTB.pf
b></usr/local/texlive/2014/texmf-dist/fonts/type1/public/libertine/LinLibertine
MT.pfb></usr/local/texlive/2014/texmf-dist/fonts/type1/public/libertine/LinLibe
rtineT.pfb></usr/local/texlive/2014/texmf-dist/fonts/type1/public/libertine/Lin
LibertineTB.pfb></usr/local/texlive/2014/texmf-dist/fonts/type1/public/libertin
e/LinLibertineTI.pfb>
Output written on BA.pdf (41 pages, 1075107 bytes).
PDF statistics:
 669 PDF objects out of 1000 (max. 8388607)
 590 compressed objects within 6 object streams
 177 named destinations out of 1000 (max. 500000)
 30603 words of extra memory for PDF output out of 35830 (max. 10000000)

