\BOOKMARK [0][-]{chapter*.2}{Abbildungen}{}% 1
\BOOKMARK [0][-]{chapter*.3}{Auflistungen}{}% 2
\BOOKMARK [0][-]{chapter.1}{1 Einleitung}{}% 3
\BOOKMARK [1][-]{section.1.1}{1.1 Problemstellung und Motivation}{chapter.1}% 4
\BOOKMARK [1][-]{section.1.2}{1.2 Themenabgrenzung}{chapter.1}% 5
\BOOKMARK [1][-]{section.1.3}{1.3 Zielsetzung}{chapter.1}% 6
\BOOKMARK [1][-]{section.1.4}{1.4 Struktur der Arbeit}{chapter.1}% 7
\BOOKMARK [0][-]{chapter.2}{2 Grundlagen}{}% 8
\BOOKMARK [1][-]{section.2.1}{2.1 Grundlagen der Virtualisierung}{chapter.2}% 9
\BOOKMARK [2][-]{subsection.2.1.1}{2.1.1 Virtuelle Maschine}{section.2.1}% 10
\BOOKMARK [2][-]{subsection.2.1.2}{2.1.2 Gastbetriebssystem}{section.2.1}% 11
\BOOKMARK [2][-]{subsection.2.1.3}{2.1.3 Hypervisor}{section.2.1}% 12
\BOOKMARK [1][-]{section.2.2}{2.2 Konfigurationsmanagementsystem}{chapter.2}% 13
\BOOKMARK [0][-]{chapter.3}{3 Anforderungsanalyse}{}% 14
\BOOKMARK [1][-]{section.3.1}{3.1 Zielsetzung}{chapter.3}% 15
\BOOKMARK [1][-]{section.3.2}{3.2 Stakeholder}{chapter.3}% 16
\BOOKMARK [1][-]{section.3.3}{3.3 Funktionale Anforderungen}{chapter.3}% 17
\BOOKMARK [1][-]{section.3.4}{3.4 Use-Cases}{chapter.3}% 18
\BOOKMARK [2][-]{subsection.3.4.1}{3.4.1 Business-Use-Case}{section.3.4}% 19
\BOOKMARK [2][-]{subsection.3.4.2}{3.4.2 System-Use-Case}{section.3.4}% 20
\BOOKMARK [1][-]{section.3.5}{3.5 Nichtfunktionale Anforderungen}{chapter.3}% 21
\BOOKMARK [1][-]{section.3.6}{3.6 Randbedingungen}{chapter.3}% 22
\BOOKMARK [2][-]{subsection.3.6.1}{3.6.1 Technische Randbedingungen}{section.3.6}% 23
\BOOKMARK [1][-]{section.3.7}{3.7 Vergleichbare Anwendungen}{chapter.3}% 24
\BOOKMARK [2][-]{subsection.3.7.1}{3.7.1 OpenNebula}{section.3.7}% 25
\BOOKMARK [2][-]{subsection.3.7.2}{3.7.2 OpenStack}{section.3.7}% 26
\BOOKMARK [2][-]{subsection.3.7.3}{3.7.3 Res\374mee}{section.3.7}% 27
\BOOKMARK [1][-]{section.3.8}{3.8 Zusammenfassung}{chapter.3}% 28
\BOOKMARK [0][-]{chapter.4}{4 Evaluation}{}% 29
\BOOKMARK [1][-]{section.4.1}{4.1 Virtualisierungsprodukte}{chapter.4}% 30
\BOOKMARK [2][-]{subsection.4.1.1}{4.1.1 VMware Player \(Plus\)}{section.4.1}% 31
\BOOKMARK [2][-]{subsection.4.1.2}{4.1.2 Microsoft Hyper-V}{section.4.1}% 32
\BOOKMARK [2][-]{subsection.4.1.3}{4.1.3 Oracle VM VirtualBox}{section.4.1}% 33
\BOOKMARK [2][-]{subsection.4.1.4}{4.1.4 Zusammenfassung}{section.4.1}% 34
\BOOKMARK [2][-]{subsection.4.1.5}{4.1.5 Empfehlung}{section.4.1}% 35
\BOOKMARK [1][-]{section.4.2}{4.2 Konfigurationsmanagementsysteme}{chapter.4}% 36
\BOOKMARK [2][-]{subsection.4.2.1}{4.2.1 Ansible}{section.4.2}% 37
\BOOKMARK [2][-]{subsection.4.2.2}{4.2.2 Saltstack}{section.4.2}% 38
\BOOKMARK [2][-]{subsection.4.2.3}{4.2.3 Puppet}{section.4.2}% 39
\BOOKMARK [2][-]{subsection.4.2.4}{4.2.4 Zusammenfassung}{section.4.2}% 40
\BOOKMARK [2][-]{subsection.4.2.5}{4.2.5 Empfehlung}{section.4.2}% 41
\BOOKMARK [1][-]{section.4.3}{4.3 Vagrant}{chapter.4}% 42
\BOOKMARK [0][-]{chapter.5}{5 Softwareentwurf}{}% 43
\BOOKMARK [1][-]{section.5.1}{5.1 Kontextabgrenzung}{chapter.5}% 44
\BOOKMARK [2][-]{subsection.5.1.1}{5.1.1 Kurzbeschreibung der externen Schnittstellen}{section.5.1}% 45
\BOOKMARK [1][-]{section.5.2}{5.2 Verteilungssicht}{chapter.5}% 46
\BOOKMARK [1][-]{section.5.3}{5.3 Bausteinsicht}{chapter.5}% 47
\BOOKMARK [1][-]{section.5.4}{5.4 Laufzeitsicht}{chapter.5}% 48
\BOOKMARK [1][-]{section.5.5}{5.5 Systemarchitektur}{chapter.5}% 49
\BOOKMARK [2][-]{subsection.5.5.1}{5.5.1 Client-Server-Modell}{section.5.5}% 50
\BOOKMARK [2][-]{subsection.5.5.2}{5.5.2 Model-View-Controller Entwurfsmuster}{section.5.5}% 51
\BOOKMARK [1][-]{section.5.6}{5.6 Kommunikation}{chapter.5}% 52
\BOOKMARK [1][-]{section.5.7}{5.7 Server}{chapter.5}% 53
\BOOKMARK [2][-]{subsection.5.7.1}{5.7.1 Bausteinsicht}{section.5.7}% 54
\BOOKMARK [2][-]{subsection.5.7.2}{5.7.2 Provisioner-Komponente}{section.5.7}% 55
\BOOKMARK [2][-]{subsection.5.7.3}{5.7.3 SoftwareAdministration-Komponente}{section.5.7}% 56
\BOOKMARK [2][-]{subsection.5.7.4}{5.7.4 Laufzeitsicht}{section.5.7}% 57
\BOOKMARK [2][-]{subsection.5.7.5}{5.7.5 Datenbank}{section.5.7}% 58
\BOOKMARK [1][-]{section.5.8}{5.8 Client}{chapter.5}% 59
\BOOKMARK [1][-]{section.5.9}{5.9 Zusammenfassung}{chapter.5}% 60
\BOOKMARK [0][-]{chapter.6}{6 Realisierung}{}% 61
\BOOKMARK [1][-]{section.6.1}{6.1 Server-Realisierung}{chapter.6}% 62
\BOOKMARK [1][-]{section.6.2}{6.2 Fremdsoftware}{chapter.6}% 63
\BOOKMARK [2][-]{subsection.6.2.1}{6.2.1 Webserver}{section.6.2}% 64
\BOOKMARK [2][-]{subsection.6.2.2}{6.2.2 Phusion Passenger}{section.6.2}% 65
\BOOKMARK [2][-]{subsection.6.2.3}{6.2.3 VirtualBox}{section.6.2}% 66
\BOOKMARK [2][-]{subsection.6.2.4}{6.2.4 Ansible}{section.6.2}% 67
\BOOKMARK [2][-]{subsection.6.2.5}{6.2.5 Vagrant}{section.6.2}% 68
\BOOKMARK [2][-]{subsection.6.2.6}{6.2.6 Bundler}{section.6.2}% 69
\BOOKMARK [2][-]{subsection.6.2.7}{6.2.7 Datenbank}{section.6.2}% 70
\BOOKMARK [1][-]{section.6.3}{6.3 Implementierung}{chapter.6}% 71
\BOOKMARK [2][-]{subsection.6.3.1}{6.3.1 Komponenten Umsetzung}{section.6.3}% 72
\BOOKMARK [2][-]{subsection.6.3.2}{6.3.2 Datenbank}{section.6.3}% 73
\BOOKMARK [2][-]{subsection.6.3.3}{6.3.3 Funktionen}{section.6.3}% 74
\BOOKMARK [0][-]{chapter.7}{7 Schluss}{}% 75
\BOOKMARK [1][-]{section.7.1}{7.1 Zusammenfassung und Fazit}{chapter.7}% 76
\BOOKMARK [1][-]{section.7.2}{7.2 Ausblick}{chapter.7}% 77
\BOOKMARK [0][-]{chapter*.28}{Literaturverzeichnis}{}% 78
\BOOKMARK [0][-]{chapter*.29}{Anhang}{}% 79
